# JRE version: OpenJDK Runtime Environment Temurin-21.0.6+7 (21.0.6+7) (build 21.0.6+7-LTS)
# Java VM: OpenJDK 64-Bit Server VM Temurin-21.0.6+7 (21.0.6+7-LTS, mixed mode, sharing, tiered, compressed oops, compressed class ptrs, parallel gc, windows-amd64)
GC Precious Log:
 CardTable entry size: 512
 CPUs: 16 total, 16 available
 Memory: 15734M
 Large Page Support: Disabled
 NUMA Support: Disabled
 Compressed Oops: Enabled (32-bit)
 Alignments: Space 512K, Generation 512K, Heap 2M
 Heap Min Capacity: 100M
 Heap Initial Capacity: 100M
 Heap Max Capacity: 1G
 Pre-touch: Disabled
 Parallel Workers: 13
Heap:
 PSYoungGen      total 34816K, used 34575K [0x00000000eab00000, 0x00000000ed880000, 0x0000000100000000)
  eden space 25600K, 100% used [0x00000000eab00000,0x00000000ec400000,0x00000000ec400000)
  from space 9216K, 97% used [0x00000000ecf80000,0x00000000ed843e90,0x00000000ed880000)
  to   space 10240K, 99% used [0x00000000ec480000,0x00000000ece7c170,0x00000000ece80000)
 ParOldGen       total 237568K, used 237493K [0x00000000c0000000, 0x00000000ce800000, 0x00000000eab00000)
  object space 237568K, 99% used [0x00000000c0000000,0x00000000ce7ed4a0,0x00000000ce800000)
 Metaspace       used 60349K, committed 61696K, reserved 1114112K
  class space    used 6125K, committed 6720K, reserved 1048576K
GC Heap History (20 events):
Event: 8.986 GC heap before
{Heap before GC invocations=160 (full 3):
 PSYoungGen      total 17920K, used 17521K [0x00000000eab00000, 0x00000000ec300000, 0x0000000100000000)
  eden space 13312K, 100% used [0x00000000eab00000,0x00000000eb800000,0x00000000eb800000)
  from space 4608K, 91% used [0x00000000ebe80000,0x00000000ec29c460,0x00000000ec300000)
  to   space 5120K, 0% used [0x00000000eb900000,0x00000000eb900000,0x00000000ebe00000)
 ParOldGen       total 201216K, used 200851K [0x00000000c0000000, 0x00000000cc480000, 0x00000000eab00000)
  object space 201216K, 99% used [0x00000000c0000000,0x00000000cc424e88,0x00000000cc480000)
 Metaspace       used 59213K, committed 60608K, reserved 1114112K
  class space    used 6015K, committed 6656K, reserved 1048576K
}
Event: 8.989 GC heap after
{Heap after GC invocations=160 (full 3):
 PSYoungGen      total 19456K, used 5105K [0x00000000eab00000, 0x00000000ec680000, 0x0000000100000000)
  eden space 14336K, 0% used [0x00000000eab00000,0x00000000eab00000,0x00000000eb900000)
  from space 5120K, 99% used [0x00000000eb900000,0x00000000ebdfc4d8,0x00000000ebe00000)
  to   space 6656K, 0% used [0x00000000ec000000,0x00000000ec000000,0x00000000ec680000)
 ParOldGen       total 201728K, used 201663K [0x00000000c0000000, 0x00000000cc500000, 0x00000000eab00000)
  object space 201728K, 99% used [0x00000000c0000000,0x00000000cc4eff88,0x00000000cc500000)
 Metaspace       used 59213K, committed 60608K, reserved 1114112K
  class space    used 6015K, committed 6656K, reserved 1048576K
}
Event: 9.024 GC heap before
{Heap before GC invocations=161 (full 3):
 PSYoungGen      total 19456K, used 19441K [0x00000000eab00000, 0x00000000ec680000, 0x0000000100000000)
  eden space 14336K, 100% used [0x00000000eab00000,0x00000000eb900000,0x00000000eb900000)
  from space 5120K, 99% used [0x00000000eb900000,0x00000000ebdfc4d8,0x00000000ebe00000)
  to   space 6656K, 0% used [0x00000000ec000000,0x00000000ec000000,0x00000000ec680000)
 ParOldGen       total 201728K, used 201663K [0x00000000c0000000, 0x00000000cc500000, 0x00000000eab00000)
  object space 201728K, 99% used [0x00000000c0000000,0x00000000cc4eff88,0x00000000cc500000)
 Metaspace       used 59284K, committed 60672K, reserved 1114112K
  class space    used 6022K, committed 6656K, reserved 1048576K
}
Event: 9.028 GC heap after
{Heap after GC invocations=161 (full 3):
 PSYoungGen      total 21504K, used 4734K [0x00000000eab00000, 0x00000000ec580000, 0x0000000100000000)
  eden space 15872K, 0% used [0x00000000eab00000,0x00000000eab00000,0x00000000eba80000)
  from space 5632K, 84% used [0x00000000ec000000,0x00000000ec49fb78,0x00000000ec580000)
  to   space 5632K, 0% used [0x00000000eba80000,0x00000000eba80000,0x00000000ec000000)
 ParOldGen       total 205312K, used 204997K [0x00000000c0000000, 0x00000000cc880000, 0x00000000eab00000)
  object space 205312K, 99% used [0x00000000c0000000,0x00000000cc8317c8,0x00000000cc880000)
 Metaspace       used 59284K, committed 60672K, reserved 1114112K
  class space    used 6022K, committed 6656K, reserved 1048576K
}
Event: 9.060 GC heap before
{Heap before GC invocations=162 (full 3):
 PSYoungGen      total 21504K, used 20606K [0x00000000eab00000, 0x00000000ec580000, 0x0000000100000000)
  eden space 15872K, 100% used [0x00000000eab00000,0x00000000eba80000,0x00000000eba80000)
  from space 5632K, 84% used [0x00000000ec000000,0x00000000ec49fb78,0x00000000ec580000)
  to   space 5632K, 0% used [0x00000000eba80000,0x00000000eba80000,0x00000000ec000000)
 ParOldGen       total 205312K, used 204997K [0x00000000c0000000, 0x00000000cc880000, 0x00000000eab00000)
  object space 205312K, 99% used [0x00000000c0000000,0x00000000cc8317c8,0x00000000cc880000)
 Metaspace       used 59362K, committed 60736K, reserved 1114112K
  class space    used 6029K, committed 6656K, reserved 1048576K
}
Event: 9.064 GC heap after
{Heap after GC invocations=162 (full 3):
 PSYoungGen      total 21504K, used 5629K [0x00000000eab00000, 0x00000000ecd00000, 0x0000000100000000)
  eden space 15872K, 0% used [0x00000000eab00000,0x00000000eab00000,0x00000000eba80000)
  from space 5632K, 99% used [0x00000000eba80000,0x00000000ebfff448,0x00000000ec000000)
  to   space 8704K, 0% used [0x00000000ec480000,0x00000000ec480000,0x00000000ecd00000)
 ParOldGen       total 207360K, used 207164K [0x00000000c0000000, 0x00000000cca80000, 0x00000000eab00000)
  object space 207360K, 99% used [0x00000000c0000000,0x00000000cca4f180,0x00000000cca80000)
 Metaspace       used 59362K, committed 60736K, reserved 1114112K
  class space    used 6029K, committed 6656K, reserved 1048576K
}
Event: 9.099 GC heap before
{Heap before GC invocations=163 (full 3):
 PSYoungGen      total 21504K, used 21501K [0x00000000eab00000, 0x00000000ecd00000, 0x0000000100000000)
  eden space 15872K, 100% used [0x00000000eab00000,0x00000000eba80000,0x00000000eba80000)
  from space 5632K, 99% used [0x00000000eba80000,0x00000000ebfff448,0x00000000ec000000)
  to   space 8704K, 0% used [0x00000000ec480000,0x00000000ec480000,0x00000000ecd00000)
 ParOldGen       total 207360K, used 207164K [0x00000000c0000000, 0x00000000cca80000, 0x00000000eab00000)
  object space 207360K, 99% used [0x00000000c0000000,0x00000000cca4f180,0x00000000cca80000)
 Metaspace       used 59690K, committed 60992K, reserved 1114112K
  class space    used 6054K, committed 6656K, reserved 1048576K
}
Event: 9.105 GC heap after
{Heap after GC invocations=163 (full 3):
 PSYoungGen      total 23552K, used 5739K [0x00000000eab00000, 0x00000000eca80000, 0x0000000100000000)
  eden space 17408K, 0% used [0x00000000eab00000,0x00000000eab00000,0x00000000ebc00000)
  from space 6144K, 93% used [0x00000000ec480000,0x00000000eca1aed0,0x00000000eca80000)
  to   space 6656K, 0% used [0x00000000ebd80000,0x00000000ebd80000,0x00000000ec400000)
 ParOldGen       total 210432K, used 210361K [0x00000000c0000000, 0x00000000ccd80000, 0x00000000eab00000)
  object space 210432K, 99% used [0x00000000c0000000,0x00000000ccd6e608,0x00000000ccd80000)
 Metaspace       used 59690K, committed 60992K, reserved 1114112K
  class space    used 6054K, committed 6656K, reserved 1048576K
}
Event: 9.154 GC heap before
{Heap before GC invocations=164 (full 3):
 PSYoungGen      total 23552K, used 23147K [0x00000000eab00000, 0x00000000eca80000, 0x0000000100000000)
  eden space 17408K, 100% used [0x00000000eab00000,0x00000000ebc00000,0x00000000ebc00000)
  from space 6144K, 93% used [0x00000000ec480000,0x00000000eca1aed0,0x00000000eca80000)
  to   space 6656K, 0% used [0x00000000ebd80000,0x00000000ebd80000,0x00000000ec400000)
 ParOldGen       total 210432K, used 210361K [0x00000000c0000000, 0x00000000ccd80000, 0x00000000eab00000)
  object space 210432K, 99% used [0x00000000c0000000,0x00000000ccd6e608,0x00000000ccd80000)
 Metaspace       used 59879K, committed 61184K, reserved 1114112K
  class space    used 6079K, committed 6656K, reserved 1048576K
}
Event: 9.157 GC heap after
{Heap after GC invocations=164 (full 3):
 PSYoungGen      total 25600K, used 6626K [0x00000000eab00000, 0x00000000ed180000, 0x0000000100000000)
  eden space 18944K, 0% used [0x00000000eab00000,0x00000000eab00000,0x00000000ebd80000)
  from space 6656K, 99% used [0x00000000ebd80000,0x00000000ec3f8b00,0x00000000ec400000)
  to   space 10240K, 0% used [0x00000000ec780000,0x00000000ec780000,0x00000000ed180000)
 ParOldGen       total 213504K, used 213084K [0x00000000c0000000, 0x00000000cd080000, 0x00000000eab00000)
  object space 213504K, 99% used [0x00000000c0000000,0x00000000cd017208,0x00000000cd080000)
 Metaspace       used 59879K, committed 61184K, reserved 1114112K
  class space    used 6079K, committed 6656K, reserved 1048576K
}
Event: 9.203 GC heap before
{Heap before GC invocations=165 (full 3):
 PSYoungGen      total 25600K, used 25570K [0x00000000eab00000, 0x00000000ed180000, 0x0000000100000000)
  eden space 18944K, 100% used [0x00000000eab00000,0x00000000ebd80000,0x00000000ebd80000)
  from space 6656K, 99% used [0x00000000ebd80000,0x00000000ec3f8b00,0x00000000ec400000)
  to   space 10240K, 0% used [0x00000000ec780000,0x00000000ec780000,0x00000000ed180000)
 ParOldGen       total 213504K, used 213084K [0x00000000c0000000, 0x00000000cd080000, 0x00000000eab00000)
  object space 213504K, 99% used [0x00000000c0000000,0x00000000cd017208,0x00000000cd080000)
 Metaspace       used 59911K, committed 61248K, reserved 1114112K
  class space    used 6084K, committed 6720K, reserved 1048576K
}
Event: 9.208 GC heap after
{Heap after GC invocations=165 (full 3):
 PSYoungGen      total 27648K, used 6712K [0x00000000eab00000, 0x00000000ece80000, 0x0000000100000000)
  eden space 20480K, 0% used [0x00000000eab00000,0x00000000eab00000,0x00000000ebf00000)
  from space 7168K, 93% used [0x00000000ec780000,0x00000000ece0e150,0x00000000ece80000)
  to   space 7680K, 0% used [0x00000000ebf80000,0x00000000ebf80000,0x00000000ec700000)
 ParOldGen       total 217600K, used 217278K [0x00000000c0000000, 0x00000000cd480000, 0x00000000eab00000)
  object space 217600K, 99% used [0x00000000c0000000,0x00000000cd42fb80,0x00000000cd480000)
 Metaspace       used 59911K, committed 61248K, reserved 1114112K
  class space    used 6084K, committed 6720K, reserved 1048576K
}
Event: 9.258 GC heap before
{Heap before GC invocations=166 (full 3):
 PSYoungGen      total 27648K, used 27192K [0x00000000eab00000, 0x00000000ece80000, 0x0000000100000000)
  eden space 20480K, 100% used [0x00000000eab00000,0x00000000ebf00000,0x00000000ebf00000)
  from space 7168K, 93% used [0x00000000ec780000,0x00000000ece0e150,0x00000000ece80000)
  to   space 7680K, 0% used [0x00000000ebf80000,0x00000000ebf80000,0x00000000ec700000)
 ParOldGen       total 217600K, used 217278K [0x00000000c0000000, 0x00000000cd480000, 0x00000000eab00000)
  object space 217600K, 99% used [0x00000000c0000000,0x00000000cd42fb80,0x00000000cd480000)
 Metaspace       used 59991K, committed 61312K, reserved 1114112K
  class space    used 6095K, committed 6720K, reserved 1048576K
}
Event: 9.263 GC heap after
{Heap after GC invocations=166 (full 3):
 PSYoungGen      total 28672K, used 7651K [0x00000000eab00000, 0x00000000ed880000, 0x0000000100000000)
  eden space 20992K, 0% used [0x00000000eab00000,0x00000000eab00000,0x00000000ebf80000)
  from space 7680K, 99% used [0x00000000ebf80000,0x00000000ec6f8cc8,0x00000000ec700000)
  to   space 12288K, 0% used [0x00000000ecc80000,0x00000000ecc80000,0x00000000ed880000)
 ParOldGen       total 221184K, used 220754K [0x00000000c0000000, 0x00000000cd800000, 0x00000000eab00000)
  object space 221184K, 99% used [0x00000000c0000000,0x00000000cd7949f8,0x00000000cd800000)
 Metaspace       used 59991K, committed 61312K, reserved 1114112K
  class space    used 6095K, committed 6720K, reserved 1048576K
}
Event: 9.351 GC heap before
{Heap before GC invocations=167 (full 3):
 PSYoungGen      total 28672K, used 28643K [0x00000000eab00000, 0x00000000ed880000, 0x0000000100000000)
  eden space 20992K, 100% used [0x00000000eab00000,0x00000000ebf80000,0x00000000ebf80000)
  from space 7680K, 99% used [0x00000000ebf80000,0x00000000ec6f8cc8,0x00000000ec700000)
  to   space 12288K, 0% used [0x00000000ecc80000,0x00000000ecc80000,0x00000000ed880000)
 ParOldGen       total 221184K, used 220754K [0x00000000c0000000, 0x00000000cd800000, 0x00000000eab00000)
  object space 221184K, 99% used [0x00000000c0000000,0x00000000cd7949f8,0x00000000cd800000)
 Metaspace       used 60279K, committed 61632K, reserved 1114112K
  class space    used 6123K, committed 6720K, reserved 1048576K
}
Event: 9.356 GC heap after
{Heap after GC invocations=167 (full 3):
 PSYoungGen      total 30208K, used 7619K [0x00000000eab00000, 0x00000000ed400000, 0x0000000100000000)
  eden space 22528K, 0% used [0x00000000eab00000,0x00000000eab00000,0x00000000ec100000)
  from space 7680K, 99% used [0x00000000ecc80000,0x00000000ed3f0cc0,0x00000000ed400000)
  to   space 9216K, 0% used [0x00000000ec200000,0x00000000ec200000,0x00000000ecb00000)
 ParOldGen       total 225280K, used 225107K [0x00000000c0000000, 0x00000000cdc00000, 0x00000000eab00000)
  object space 225280K, 99% used [0x00000000c0000000,0x00000000cdbd4cc0,0x00000000cdc00000)
 Metaspace       used 60279K, committed 61632K, reserved 1114112K
  class space    used 6123K, committed 6720K, reserved 1048576K
}
Event: 9.406 GC heap before
{Heap before GC invocations=168 (full 3):
 PSYoungGen      total 30208K, used 30147K [0x00000000eab00000, 0x00000000ed400000, 0x0000000100000000)
  eden space 22528K, 100% used [0x00000000eab00000,0x00000000ec100000,0x00000000ec100000)
  from space 7680K, 99% used [0x00000000ecc80000,0x00000000ed3f0cc0,0x00000000ed400000)
  to   space 9216K, 0% used [0x00000000ec200000,0x00000000ec200000,0x00000000ecb00000)
 ParOldGen       total 225280K, used 225107K [0x00000000c0000000, 0x00000000cdc00000, 0x00000000eab00000)
  object space 225280K, 99% used [0x00000000c0000000,0x00000000cdbd4cc0,0x00000000cdc00000)
 Metaspace       used 60315K, committed 61696K, reserved 1114112K
  class space    used 6124K, committed 6720K, reserved 1048576K
}
Event: 9.411 GC heap after
{Heap after GC invocations=168 (full 3):
 PSYoungGen      total 32768K, used 9208K [0x00000000eab00000, 0x00000000edc80000, 0x0000000100000000)
  eden space 23552K, 0% used [0x00000000eab00000,0x00000000eab00000,0x00000000ec200000)
  from space 9216K, 99% used [0x00000000ec200000,0x00000000ecafe1e8,0x00000000ecb00000)
  to   space 13312K, 0% used [0x00000000ecf80000,0x00000000ecf80000,0x00000000edc80000)
 ParOldGen       total 228352K, used 228242K [0x00000000c0000000, 0x00000000cdf00000, 0x00000000eab00000)
  object space 228352K, 99% used [0x00000000c0000000,0x00000000cdee4bb0,0x00000000cdf00000)
 Metaspace       used 60315K, committed 61696K, reserved 1114112K
  class space    used 6124K, committed 6720K, reserved 1048576K
}
Event: 9.458 GC heap before
{Heap before GC invocations=169 (full 3):
 PSYoungGen      total 32768K, used 32760K [0x00000000eab00000, 0x00000000edc80000, 0x0000000100000000)
  eden space 23552K, 100% used [0x00000000eab00000,0x00000000ec200000,0x00000000ec200000)
  from space 9216K, 99% used [0x00000000ec200000,0x00000000ecafe1e8,0x00000000ecb00000)
  to   space 13312K, 0% used [0x00000000ecf80000,0x00000000ecf80000,0x00000000edc80000)
 ParOldGen       total 228352K, used 228242K [0x00000000c0000000, 0x00000000cdf00000, 0x00000000eab00000)
  object space 228352K, 99% used [0x00000000c0000000,0x00000000cdee4bb0,0x00000000cdf00000)
 Metaspace       used 60336K, committed 61696K, reserved 1114112K
  class space    used 6125K, committed 6720K, reserved 1048576K
}
Event: 9.464 GC heap after
{Heap after GC invocations=169 (full 3):
 PSYoungGen      total 34816K, used 8975K [0x00000000eab00000, 0x00000000ed880000, 0x0000000100000000)
  eden space 25600K, 0% used [0x00000000eab00000,0x00000000eab00000,0x00000000ec400000)
  from space 9216K, 97% used [0x00000000ecf80000,0x00000000ed843e90,0x00000000ed880000)
  to   space 10240K, 0% used [0x00000000ec480000,0x00000000ec480000,0x00000000ece80000)
 ParOldGen       total 233984K, used 233829K [0x00000000c0000000, 0x00000000ce480000, 0x00000000eab00000)
  object space 233984K, 99% used [0x00000000c0000000,0x00000000ce459448,0x00000000ce480000)
 Metaspace       used 60336K, committed 61696K, reserved 1114112K
  class space    used 6125K, committed 6720K, reserved 1048576K
}

