# JRE version: OpenJDK Runtime Environment Temurin-21.0.6+7 (21.0.6+7) (build 21.0.6+7-LTS)
# Java VM: OpenJDK 64-Bit Server VM Temurin-21.0.6+7 (21.0.6+7-LTS, mixed mode, sharing, tiered, compressed oops, compressed class ptrs, parallel gc, windows-amd64)
GC Precious Log:
 CardTable entry size: 512
 CPUs: 16 total, 16 available
 Memory: 15734M
 Large Page Support: Disabled
 NUMA Support: Disabled
 Compressed Oops: Enabled (32-bit)
 Alignments: Space 512K, Generation 512K, Heap 2M
 Heap Min Capacity: 100M
 Heap Initial Capacity: 100M
 Heap Max Capacity: 1G
 Pre-touch: Disabled
 Parallel Workers: 13
Heap:
 PSYoungGen      total 11776K, used 7331K [0x00000000eab00000, 0x00000000eb900000, 0x0000000100000000)
  eden space 9728K, 54% used [0x00000000eab00000,0x00000000eb028db8,0x00000000eb480000)
  from space 2048K, 99% used [0x00000000eb480000,0x00000000eb67fe90,0x00000000eb680000)
  to   space 2048K, 0% used [0x00000000eb700000,0x00000000eb700000,0x00000000eb900000)
 ParOldGen       total 125952K, used 125655K [0x00000000c0000000, 0x00000000c7b00000, 0x00000000eab00000)
  object space 125952K, 99% used [0x00000000c0000000,0x00000000c7ab5fe8,0x00000000c7b00000)
 Metaspace       used 54033K, committed 55360K, reserved 1114112K
  class space    used 5611K, committed 6208K, reserved 1048576K
GC Heap History (20 events):
Event: 6.360 GC heap after
{Heap after GC invocations=49 (full 2):
 PSYoungGen      total 12800K, used 2281K [0x00000000eab00000, 0x00000000eba00000, 0x0000000100000000)
  eden space 10240K, 0% used [0x00000000eab00000,0x00000000eab00000,0x00000000eb500000)
  from space 2560K, 89% used [0x00000000eb600000,0x00000000eb83a600,0x00000000eb880000)
  to   space 1536K, 0% used [0x00000000eb880000,0x00000000eb880000,0x00000000eba00000)
 ParOldGen       total 109568K, used 109551K [0x00000000c0000000, 0x00000000c6b00000, 0x00000000eab00000)
  object space 109568K, 99% used [0x00000000c0000000,0x00000000c6afbff8,0x00000000c6b00000)
 Metaspace       used 51860K, committed 53120K, reserved 1114112K
  class space    used 5421K, committed 6016K, reserved 1048576K
}
Event: 6.373 GC heap before
{Heap before GC invocations=50 (full 2):
 PSYoungGen      total 12800K, used 12521K [0x00000000eab00000, 0x00000000eba00000, 0x0000000100000000)
  eden space 10240K, 100% used [0x00000000eab00000,0x00000000eb500000,0x00000000eb500000)
  from space 2560K, 89% used [0x00000000eb600000,0x00000000eb83a600,0x00000000eb880000)
  to   space 1536K, 0% used [0x00000000eb880000,0x00000000eb880000,0x00000000eba00000)
 ParOldGen       total 109568K, used 109551K [0x00000000c0000000, 0x00000000c6b00000, 0x00000000eab00000)
  object space 109568K, 99% used [0x00000000c0000000,0x00000000c6afbff8,0x00000000c6b00000)
 Metaspace       used 51861K, committed 53120K, reserved 1114112K
  class space    used 5421K, committed 6016K, reserved 1048576K
}
Event: 6.376 GC heap after
{Heap after GC invocations=50 (full 2):
 PSYoungGen      total 11776K, used 1084K [0x00000000eab00000, 0x00000000eba00000, 0x0000000100000000)
  eden space 10240K, 0% used [0x00000000eab00000,0x00000000eab00000,0x00000000eb500000)
  from space 1536K, 70% used [0x00000000eb880000,0x00000000eb98f390,0x00000000eba00000)
  to   space 1536K, 0% used [0x00000000eb700000,0x00000000eb700000,0x00000000eb880000)
 ParOldGen       total 112640K, used 112621K [0x00000000c0000000, 0x00000000c6e00000, 0x00000000eab00000)
  object space 112640K, 99% used [0x00000000c0000000,0x00000000c6dfb7f0,0x00000000c6e00000)
 Metaspace       used 51861K, committed 53120K, reserved 1114112K
  class space    used 5421K, committed 6016K, reserved 1048576K
}
Event: 6.405 GC heap before
{Heap before GC invocations=51 (full 2):
 PSYoungGen      total 11776K, used 11324K [0x00000000eab00000, 0x00000000eba00000, 0x0000000100000000)
  eden space 10240K, 100% used [0x00000000eab00000,0x00000000eb500000,0x00000000eb500000)
  from space 1536K, 70% used [0x00000000eb880000,0x00000000eb98f390,0x00000000eba00000)
  to   space 1536K, 0% used [0x00000000eb700000,0x00000000eb700000,0x00000000eb880000)
 ParOldGen       total 112640K, used 112621K [0x00000000c0000000, 0x00000000c6e00000, 0x00000000eab00000)
  object space 112640K, 99% used [0x00000000c0000000,0x00000000c6dfb7f0,0x00000000c6e00000)
 Metaspace       used 52244K, committed 53504K, reserved 1114112K
  class space    used 5450K, committed 6016K, reserved 1048576K
}
Event: 6.406 GC heap after
{Heap after GC invocations=51 (full 2):
 PSYoungGen      total 10752K, used 224K [0x00000000eab00000, 0x00000000eb900000, 0x0000000100000000)
  eden space 10240K, 0% used [0x00000000eab00000,0x00000000eab00000,0x00000000eb500000)
  from space 512K, 43% used [0x00000000eb700000,0x00000000eb738000,0x00000000eb780000)
  to   space 1024K, 0% used [0x00000000eb800000,0x00000000eb800000,0x00000000eb900000)
 ParOldGen       total 113152K, used 113025K [0x00000000c0000000, 0x00000000c6e80000, 0x00000000eab00000)
  object space 113152K, 99% used [0x00000000c0000000,0x00000000c6e606b8,0x00000000c6e80000)
 Metaspace       used 52244K, committed 53504K, reserved 1114112K
  class space    used 5450K, committed 6016K, reserved 1048576K
}
Event: 6.430 GC heap before
{Heap before GC invocations=52 (full 2):
 PSYoungGen      total 10752K, used 10464K [0x00000000eab00000, 0x00000000eb900000, 0x0000000100000000)
  eden space 10240K, 100% used [0x00000000eab00000,0x00000000eb500000,0x00000000eb500000)
  from space 512K, 43% used [0x00000000eb700000,0x00000000eb738000,0x00000000eb780000)
  to   space 1024K, 0% used [0x00000000eb800000,0x00000000eb800000,0x00000000eb900000)
 ParOldGen       total 113152K, used 113025K [0x00000000c0000000, 0x00000000c6e80000, 0x00000000eab00000)
  object space 113152K, 99% used [0x00000000c0000000,0x00000000c6e606b8,0x00000000c6e80000)
 Metaspace       used 52825K, committed 54080K, reserved 1114112K
  class space    used 5509K, committed 6080K, reserved 1048576K
}
Event: 6.431 GC heap after
{Heap after GC invocations=52 (full 2):
 PSYoungGen      total 11264K, used 1001K [0x00000000eab00000, 0x00000000eb900000, 0x0000000100000000)
  eden space 10240K, 0% used [0x00000000eab00000,0x00000000eab00000,0x00000000eb500000)
  from space 1024K, 97% used [0x00000000eb800000,0x00000000eb8fa740,0x00000000eb900000)
  to   space 2048K, 0% used [0x00000000eb500000,0x00000000eb500000,0x00000000eb700000)
 ParOldGen       total 114176K, used 113724K [0x00000000c0000000, 0x00000000c6f80000, 0x00000000eab00000)
  object space 114176K, 99% used [0x00000000c0000000,0x00000000c6f0f3f8,0x00000000c6f80000)
 Metaspace       used 52825K, committed 54080K, reserved 1114112K
  class space    used 5509K, committed 6080K, reserved 1048576K
}
Event: 6.465 GC heap before
{Heap before GC invocations=53 (full 2):
 PSYoungGen      total 11264K, used 11241K [0x00000000eab00000, 0x00000000eb900000, 0x0000000100000000)
  eden space 10240K, 100% used [0x00000000eab00000,0x00000000eb500000,0x00000000eb500000)
  from space 1024K, 97% used [0x00000000eb800000,0x00000000eb8fa740,0x00000000eb900000)
  to   space 2048K, 0% used [0x00000000eb500000,0x00000000eb500000,0x00000000eb700000)
 ParOldGen       total 114176K, used 113724K [0x00000000c0000000, 0x00000000c6f80000, 0x00000000eab00000)
  object space 114176K, 99% used [0x00000000c0000000,0x00000000c6f0f3f8,0x00000000c6f80000)
 Metaspace       used 53469K, committed 54720K, reserved 1114112K
  class space    used 5533K, committed 6080K, reserved 1048576K
}
Event: 6.467 GC heap after
{Heap after GC invocations=53 (full 2):
 PSYoungGen      total 12288K, used 2046K [0x00000000eab00000, 0x00000000ebc00000, 0x0000000100000000)
  eden space 10240K, 0% used [0x00000000eab00000,0x00000000eab00000,0x00000000eb500000)
  from space 2048K, 99% used [0x00000000eb500000,0x00000000eb6ff930,0x00000000eb700000)
  to   space 3584K, 0% used [0x00000000eb880000,0x00000000eb880000,0x00000000ebc00000)
 ParOldGen       total 115200K, used 114869K [0x00000000c0000000, 0x00000000c7080000, 0x00000000eab00000)
  object space 115200K, 99% used [0x00000000c0000000,0x00000000c702d678,0x00000000c7080000)
 Metaspace       used 53469K, committed 54720K, reserved 1114112K
  class space    used 5533K, committed 6080K, reserved 1048576K
}
Event: 6.503 GC heap before
{Heap before GC invocations=54 (full 2):
 PSYoungGen      total 12288K, used 12231K [0x00000000eab00000, 0x00000000ebc00000, 0x0000000100000000)
  eden space 10240K, 99% used [0x00000000eab00000,0x00000000eb4f22f0,0x00000000eb500000)
  from space 2048K, 99% used [0x00000000eb500000,0x00000000eb6ff930,0x00000000eb700000)
  to   space 3584K, 0% used [0x00000000eb880000,0x00000000eb880000,0x00000000ebc00000)
 ParOldGen       total 115200K, used 114869K [0x00000000c0000000, 0x00000000c7080000, 0x00000000eab00000)
  object space 115200K, 99% used [0x00000000c0000000,0x00000000c702d678,0x00000000c7080000)
 Metaspace       used 53569K, committed 54848K, reserved 1114112K
  class space    used 5541K, committed 6144K, reserved 1048576K
}
Event: 6.506 GC heap after
{Heap after GC invocations=54 (full 2):
 PSYoungGen      total 12800K, used 2145K [0x00000000eab00000, 0x00000000ebb00000, 0x0000000100000000)
  eden space 10240K, 0% used [0x00000000eab00000,0x00000000eab00000,0x00000000eb500000)
  from space 2560K, 83% used [0x00000000eb880000,0x00000000eba98420,0x00000000ebb00000)
  to   space 2560K, 0% used [0x00000000eb600000,0x00000000eb600000,0x00000000eb880000)
 ParOldGen       total 117248K, used 116841K [0x00000000c0000000, 0x00000000c7280000, 0x00000000eab00000)
  object space 117248K, 99% used [0x00000000c0000000,0x00000000c721a518,0x00000000c7280000)
 Metaspace       used 53569K, committed 54848K, reserved 1114112K
  class space    used 5541K, committed 6144K, reserved 1048576K
}
Event: 6.535 GC heap before
{Heap before GC invocations=55 (full 2):
 PSYoungGen      total 12800K, used 12385K [0x00000000eab00000, 0x00000000ebb00000, 0x0000000100000000)
  eden space 10240K, 100% used [0x00000000eab00000,0x00000000eb500000,0x00000000eb500000)
  from space 2560K, 83% used [0x00000000eb880000,0x00000000eba98420,0x00000000ebb00000)
  to   space 2560K, 0% used [0x00000000eb600000,0x00000000eb600000,0x00000000eb880000)
 ParOldGen       total 117248K, used 116841K [0x00000000c0000000, 0x00000000c7280000, 0x00000000eab00000)
  object space 117248K, 99% used [0x00000000c0000000,0x00000000c721a518,0x00000000c7280000)
 Metaspace       used 53616K, committed 54912K, reserved 1114112K
  class space    used 5559K, committed 6144K, reserved 1048576K
}
Event: 6.537 GC heap after
{Heap after GC invocations=55 (full 2):
 PSYoungGen      total 12288K, used 1778K [0x00000000eab00000, 0x00000000eb900000, 0x0000000100000000)
  eden space 10240K, 0% used [0x00000000eab00000,0x00000000eab00000,0x00000000eb500000)
  from space 2048K, 86% used [0x00000000eb600000,0x00000000eb7bca50,0x00000000eb800000)
  to   space 1024K, 0% used [0x00000000eb800000,0x00000000eb800000,0x00000000eb900000)
 ParOldGen       total 119296K, used 118822K [0x00000000c0000000, 0x00000000c7480000, 0x00000000eab00000)
  object space 119296K, 99% used [0x00000000c0000000,0x00000000c74098f8,0x00000000c7480000)
 Metaspace       used 53616K, committed 54912K, reserved 1114112K
  class space    used 5559K, committed 6144K, reserved 1048576K
}
Event: 6.569 GC heap before
{Heap before GC invocations=56 (full 2):
 PSYoungGen      total 12288K, used 12018K [0x00000000eab00000, 0x00000000eb900000, 0x0000000100000000)
  eden space 10240K, 100% used [0x00000000eab00000,0x00000000eb500000,0x00000000eb500000)
  from space 2048K, 86% used [0x00000000eb600000,0x00000000eb7bca50,0x00000000eb800000)
  to   space 1024K, 0% used [0x00000000eb800000,0x00000000eb800000,0x00000000eb900000)
 ParOldGen       total 119296K, used 118822K [0x00000000c0000000, 0x00000000c7480000, 0x00000000eab00000)
  object space 119296K, 99% used [0x00000000c0000000,0x00000000c74098f8,0x00000000c7480000)
 Metaspace       used 53675K, committed 54976K, reserved 1114112K
  class space    used 5579K, committed 6144K, reserved 1048576K
}
Event: 6.571 GC heap after
{Heap after GC invocations=56 (full 2):
 PSYoungGen      total 10752K, used 1021K [0x00000000eab00000, 0x00000000ebc00000, 0x0000000100000000)
  eden space 9728K, 0% used [0x00000000eab00000,0x00000000eab00000,0x00000000eb480000)
  from space 1024K, 99% used [0x00000000eb800000,0x00000000eb8ff528,0x00000000eb900000)
  to   space 3584K, 0% used [0x00000000eb480000,0x00000000eb480000,0x00000000eb800000)
 ParOldGen       total 121344K, used 121018K [0x00000000c0000000, 0x00000000c7680000, 0x00000000eab00000)
  object space 121344K, 99% used [0x00000000c0000000,0x00000000c762eb88,0x00000000c7680000)
 Metaspace       used 53675K, committed 54976K, reserved 1114112K
  class space    used 5579K, committed 6144K, reserved 1048576K
}
Event: 6.607 GC heap before
{Heap before GC invocations=57 (full 2):
 PSYoungGen      total 10752K, used 10749K [0x00000000eab00000, 0x00000000ebc00000, 0x0000000100000000)
  eden space 9728K, 100% used [0x00000000eab00000,0x00000000eb480000,0x00000000eb480000)
  from space 1024K, 99% used [0x00000000eb800000,0x00000000eb8ff528,0x00000000eb900000)
  to   space 3584K, 0% used [0x00000000eb480000,0x00000000eb480000,0x00000000eb800000)
 ParOldGen       total 121344K, used 121018K [0x00000000c0000000, 0x00000000c7680000, 0x00000000eab00000)
  object space 121344K, 99% used [0x00000000c0000000,0x00000000c762eb88,0x00000000c7680000)
 Metaspace       used 53742K, committed 54976K, reserved 1114112K
  class space    used 5589K, committed 6144K, reserved 1048576K
}
Event: 6.610 GC heap after
{Heap after GC invocations=57 (full 2):
 PSYoungGen      total 11776K, used 1971K [0x00000000eab00000, 0x00000000eb980000, 0x0000000100000000)
  eden space 9728K, 0% used [0x00000000eab00000,0x00000000eab00000,0x00000000eb480000)
  from space 2048K, 96% used [0x00000000eb480000,0x00000000eb66cdb8,0x00000000eb680000)
  to   space 2560K, 0% used [0x00000000eb700000,0x00000000eb700000,0x00000000eb980000)
 ParOldGen       total 122368K, used 122042K [0x00000000c0000000, 0x00000000c7780000, 0x00000000eab00000)
  object space 122368K, 99% used [0x00000000c0000000,0x00000000c772e9b8,0x00000000c7780000)
 Metaspace       used 53742K, committed 54976K, reserved 1114112K
  class space    used 5589K, committed 6144K, reserved 1048576K
}
Event: 6.663 GC heap before
{Heap before GC invocations=58 (full 2):
 PSYoungGen      total 11776K, used 11699K [0x00000000eab00000, 0x00000000eb980000, 0x0000000100000000)
  eden space 9728K, 100% used [0x00000000eab00000,0x00000000eb480000,0x00000000eb480000)
  from space 2048K, 96% used [0x00000000eb480000,0x00000000eb66cdb8,0x00000000eb680000)
  to   space 2560K, 0% used [0x00000000eb700000,0x00000000eb700000,0x00000000eb980000)
 ParOldGen       total 122368K, used 122042K [0x00000000c0000000, 0x00000000c7780000, 0x00000000eab00000)
  object space 122368K, 99% used [0x00000000c0000000,0x00000000c772e9b8,0x00000000c7780000)
 Metaspace       used 53846K, committed 55168K, reserved 1114112K
  class space    used 5598K, committed 6144K, reserved 1048576K
}
Event: 6.665 GC heap after
{Heap after GC invocations=58 (full 2):
 PSYoungGen      total 11776K, used 1950K [0x00000000eab00000, 0x00000000eb900000, 0x0000000100000000)
  eden space 9728K, 0% used [0x00000000eab00000,0x00000000eab00000,0x00000000eb480000)
  from space 2048K, 95% used [0x00000000eb700000,0x00000000eb8e7ab8,0x00000000eb900000)
  to   space 2048K, 0% used [0x00000000eb480000,0x00000000eb480000,0x00000000eb680000)
 ParOldGen       total 123904K, used 123809K [0x00000000c0000000, 0x00000000c7900000, 0x00000000eab00000)
  object space 123904K, 99% used [0x00000000c0000000,0x00000000c78e8468,0x00000000c7900000)
 Metaspace       used 53846K, committed 55168K, reserved 1114112K
  class space    used 5598K, committed 6144K, reserved 1048576K
}
Event: 6.702 GC heap before
{Heap before GC invocations=59 (full 2):
 PSYoungGen      total 11776K, used 11678K [0x00000000eab00000, 0x00000000eb900000, 0x0000000100000000)
  eden space 9728K, 100% used [0x00000000eab00000,0x00000000eb480000,0x00000000eb480000)
  from space 2048K, 95% used [0x00000000eb700000,0x00000000eb8e7ab8,0x00000000eb900000)
  to   space 2048K, 0% used [0x00000000eb480000,0x00000000eb480000,0x00000000eb680000)
 ParOldGen       total 123904K, used 123809K [0x00000000c0000000, 0x00000000c7900000, 0x00000000eab00000)
  object space 123904K, 99% used [0x00000000c0000000,0x00000000c78e8468,0x00000000c7900000)
 Metaspace       used 53949K, committed 55296K, reserved 1114112K
  class space    used 5605K, committed 6208K, reserved 1048576K
}

