# JRE version: Java(TM) SE Runtime Environment (17.0.12+8) (build 17.0.12+8-LTS-286)
# Java VM: Java HotSpot(TM) 64-Bit Server VM (17.0.12+8-LTS-286, mixed mode, sharing, tiered, compressed oops, compressed class ptrs, g1 gc, windows-amd64)
GC Precious Log:
 CPUs: 16 total, 16 available
 Memory: 15734M
 Large Page Support: Disabled
 NUMA Support: Disabled
 Compressed Oops: Enabled (Zero based)
 Heap Region Size: 2M
 Heap Min Capacity: 8M
 Heap Initial Capacity: 246M
 Heap Max Capacity: 3934M
 Pre-touch: Disabled
 Parallel Workers: 13
 Concurrent Workers: 3
 Concurrent Refinement Workers: 13
 Periodic GC: Disabled
Heap:
 garbage-first heap   total 61440K, used 30722K [0x000000070a200000, 0x0000000800000000)
  region size 2048K, 4 young (8192K), 2 survivors (4096K)
 Metaspace       used 63931K, committed 64576K, reserved 1114112K
  class space    used 8883K, committed 9216K, reserved 1048576K
GC Heap History (20 events):
Event: 3.510 GC heap before
{Heap before GC invocations=8 (full 0):
 garbage-first heap   total 61440K, used 44031K [0x000000070a200000, 0x0000000800000000)
  region size 2048K, 14 young (28672K), 2 survivors (4096K)
 Metaspace       used 35349K, committed 35776K, reserved 1114112K
  class space    used 4655K, committed 4864K, reserved 1048576K
}
Event: 3.516 GC heap after
{Heap after GC invocations=9 (full 0):
 garbage-first heap   total 61440K, used 21140K [0x000000070a200000, 0x0000000800000000)
  region size 2048K, 1 young (2048K), 1 survivors (2048K)
 Metaspace       used 35349K, committed 35776K, reserved 1114112K
  class space    used 4655K, committed 4864K, reserved 1048576K
}
Event: 3.540 GC heap before
{Heap before GC invocations=9 (full 0):
 garbage-first heap   total 61440K, used 21140K [0x000000070a200000, 0x0000000800000000)
  region size 2048K, 2 young (4096K), 1 survivors (2048K)
 Metaspace       used 35676K, committed 36096K, reserved 1114112K
  class space    used 4697K, committed 4928K, reserved 1048576K
}
Event: 3.542 GC heap after
{Heap after GC invocations=10 (full 0):
 garbage-first heap   total 61440K, used 21084K [0x000000070a200000, 0x0000000800000000)
  region size 2048K, 1 young (2048K), 1 survivors (2048K)
 Metaspace       used 35676K, committed 36096K, reserved 1114112K
  class space    used 4697K, committed 4928K, reserved 1048576K
}
Event: 4.091 GC heap before
{Heap before GC invocations=11 (full 0):
 garbage-first heap   total 61440K, used 43612K [0x000000070a200000, 0x0000000800000000)
  region size 2048K, 13 young (26624K), 1 survivors (2048K)
 Metaspace       used 42400K, committed 42816K, reserved 1114112K
  class space    used 5691K, committed 5888K, reserved 1048576K
}
Event: 4.095 GC heap after
{Heap after GC invocations=12 (full 0):
 garbage-first heap   total 61440K, used 22432K [0x000000070a200000, 0x0000000800000000)
  region size 2048K, 2 young (4096K), 2 survivors (4096K)
 Metaspace       used 42400K, committed 42816K, reserved 1114112K
  class space    used 5691K, committed 5888K, reserved 1048576K
}
Event: 4.132 GC heap before
{Heap before GC invocations=12 (full 0):
 garbage-first heap   total 61440K, used 22432K [0x000000070a200000, 0x0000000800000000)
  region size 2048K, 3 young (6144K), 2 survivors (4096K)
 Metaspace       used 42942K, committed 43392K, reserved 1114112K
  class space    used 5778K, committed 6016K, reserved 1048576K
}
Event: 4.135 GC heap after
{Heap after GC invocations=13 (full 0):
 garbage-first heap   total 61440K, used 22313K [0x000000070a200000, 0x0000000800000000)
  region size 2048K, 1 young (2048K), 1 survivors (2048K)
 Metaspace       used 42942K, committed 43392K, reserved 1114112K
  class space    used 5778K, committed 6016K, reserved 1048576K
}
Event: 4.582 GC heap before
{Heap before GC invocations=13 (full 0):
 garbage-first heap   total 61440K, used 44841K [0x000000070a200000, 0x0000000800000000)
  region size 2048K, 12 young (24576K), 1 survivors (2048K)
 Metaspace       used 47416K, committed 47936K, reserved 1114112K
  class space    used 6366K, committed 6592K, reserved 1048576K
}
Event: 4.584 GC heap after
{Heap after GC invocations=14 (full 0):
 garbage-first heap   total 61440K, used 23294K [0x000000070a200000, 0x0000000800000000)
  region size 2048K, 1 young (2048K), 1 survivors (2048K)
 Metaspace       used 47416K, committed 47936K, reserved 1114112K
  class space    used 6366K, committed 6592K, reserved 1048576K
}
Event: 5.027 GC heap before
{Heap before GC invocations=14 (full 0):
 garbage-first heap   total 61440K, used 45822K [0x000000070a200000, 0x0000000800000000)
  region size 2048K, 13 young (26624K), 1 survivors (2048K)
 Metaspace       used 54089K, committed 54592K, reserved 1114112K
  class space    used 7432K, committed 7680K, reserved 1048576K
}
Event: 5.031 GC heap after
{Heap after GC invocations=15 (full 0):
 garbage-first heap   total 61440K, used 24221K [0x000000070a200000, 0x0000000800000000)
  region size 2048K, 2 young (4096K), 2 survivors (4096K)
 Metaspace       used 54089K, committed 54592K, reserved 1114112K
  class space    used 7432K, committed 7680K, reserved 1048576K
}
Event: 5.459 GC heap before
{Heap before GC invocations=15 (full 0):
 garbage-first heap   total 61440K, used 44701K [0x000000070a200000, 0x0000000800000000)
  region size 2048K, 13 young (26624K), 2 survivors (4096K)
 Metaspace       used 58350K, committed 58816K, reserved 1114112K
  class space    used 8050K, committed 8256K, reserved 1048576K
}
Event: 5.461 GC heap after
{Heap after GC invocations=16 (full 0):
 garbage-first heap   total 61440K, used 25113K [0x000000070a200000, 0x0000000800000000)
  region size 2048K, 1 young (2048K), 1 survivors (2048K)
 Metaspace       used 58350K, committed 58816K, reserved 1114112K
  class space    used 8050K, committed 8256K, reserved 1048576K
}
Event: 5.600 GC heap before
{Heap before GC invocations=16 (full 0):
 garbage-first heap   total 61440K, used 33305K [0x000000070a200000, 0x0000000800000000)
  region size 2048K, 6 young (12288K), 1 survivors (2048K)
 Metaspace       used 59857K, committed 60480K, reserved 1114112K
  class space    used 8193K, committed 8512K, reserved 1048576K
}
Event: 5.604 GC heap after
{Heap after GC invocations=17 (full 0):
 garbage-first heap   total 61440K, used 25688K [0x000000070a200000, 0x0000000800000000)
  region size 2048K, 2 young (4096K), 2 survivors (4096K)
 Metaspace       used 59857K, committed 60480K, reserved 1114112K
  class space    used 8193K, committed 8512K, reserved 1048576K
}
Event: 6.140 GC heap before
{Heap before GC invocations=18 (full 0):
 garbage-first heap   total 61440K, used 46168K [0x000000070a200000, 0x0000000800000000)
  region size 2048K, 12 young (24576K), 2 survivors (4096K)
 Metaspace       used 62162K, committed 62784K, reserved 1114112K
  class space    used 8636K, committed 8960K, reserved 1048576K
}
Event: 6.142 GC heap after
{Heap after GC invocations=19 (full 0):
 garbage-first heap   total 61440K, used 27217K [0x000000070a200000, 0x0000000800000000)
  region size 2048K, 2 young (4096K), 2 survivors (4096K)
 Metaspace       used 62162K, committed 62784K, reserved 1114112K
  class space    used 8636K, committed 8960K, reserved 1048576K
}
Event: 6.828 GC heap before
{Heap before GC invocations=19 (full 0):
 garbage-first heap   total 61440K, used 47697K [0x000000070a200000, 0x0000000800000000)
  region size 2048K, 12 young (24576K), 2 survivors (4096K)
 Metaspace       used 63834K, committed 64512K, reserved 1114112K
  class space    used 8870K, committed 9216K, reserved 1048576K
}
Event: 6.833 GC heap after
{Heap after GC invocations=20 (full 0):
 garbage-first heap   total 61440K, used 28674K [0x000000070a200000, 0x0000000800000000)
  region size 2048K, 2 young (4096K), 2 survivors (4096K)
 Metaspace       used 63834K, committed 64512K, reserved 1114112K
  class space    used 8870K, committed 9216K, reserved 1048576K
}

